[2025-12-27 16:48:32] SUCCESS: System temp files
[2025-12-27 16:48:32] SUCCESS: System crash reports
[2025-12-27 16:48:32] SUCCESS: System logs
[2025-12-27 16:48:37] SUCCESS: System diagnostic logs
[2025-12-27 16:48:37] SUCCESS: Power logs
[2025-12-27 16:52:15] SUCCESS: System temp files
[2025-12-27 16:52:15] SUCCESS: System crash reports
[2025-12-27 16:52:15] SUCCESS: System logs
[2025-12-27 16:52:20] SUCCESS: System diagnostic logs
[2025-12-27 16:52:20] SUCCESS: Power logs
[2025-12-29 23:18:35] SUCCESS: System temp files
[2025-12-29 23:18:35] SUCCESS: System crash reports
[2025-12-29 23:18:35] SUCCESS: System logs
[2025-12-29 23:18:40] SUCCESS: System diagnostic logs
[2025-12-29 23:18:40] SUCCESS: Power logs
[2025-12-31 20:30:36] SUCCESS: System caches
[2025-12-31 20:30:36] SUCCESS: System temp files
[2025-12-31 20:30:36] SUCCESS: System crash reports
[2025-12-31 20:30:36] SUCCESS: System logs
[2025-12-31 20:30:42] SUCCESS: System diagnostic logs
[2025-12-31 20:30:42] SUCCESS: Power logs
[2025-12-31 20:30:42] SUCCESS: Memory exception reports
[2025-12-31 20:30:42] SUCCESS: System diagnostic trace logs
[2026-01-20 20:12:39] SUCCESS: System caches
[2026-01-20 20:12:39] SUCCESS: System temp files
[2026-01-20 20:12:39] SUCCESS: System crash reports
[2026-01-20 20:12:39] SUCCESS: System logs
[2026-01-20 20:12:49] SUCCESS: System diagnostic logs
[2026-01-20 20:12:49] SUCCESS: System diagnostic trace logs
[2026-01-31 14:57:15] SUCCESS: System caches
[2026-01-31 14:57:15] SUCCESS: System temp files
[2026-01-31 14:57:15] SUCCESS: System crash reports
[2026-01-31 14:57:15] SUCCESS: System logs
[2026-01-31 14:57:23] SUCCESS: System diagnostic logs
[2026-01-31 14:57:23] SUCCESS: System diagnostic trace logs
[2026-02-03 23:42:34] SUCCESS: System caches
[2026-02-03 23:42:34] SUCCESS: System temp files
[2026-02-03 23:42:34] SUCCESS: System crash reports
[2026-02-03 23:42:34] SUCCESS: System logs
[2026-02-03 23:42:42] SUCCESS: System diagnostic logs
[2026-02-03 23:42:42] SUCCESS: System diagnostic trace logs
[2026-02-16 23:42:21] SUCCESS: System temp files
[2026-02-16 23:42:21] SUCCESS: System crash reports
[2026-02-16 23:42:22] SUCCESS: System logs
[2026-02-16 23:42:33] SUCCESS: System diagnostic logs
[2026-02-16 23:42:34] SUCCESS: Power logs
[2026-02-16 23:42:34] SUCCESS: Memory exception reports
[2026-03-09 11:24:20] SUCCESS: System crash reports
[2026-03-09 11:24:21] SUCCESS: System logs
[2026-03-09 11:24:34] SUCCESS: System diagnostic logs
[2026-03-09 11:24:34] SUCCESS: Power logs
[2026-03-19 23:12:48] SUCCESS: System crash reports
[2026-03-19 23:12:48] SUCCESS: System logs
[2026-03-19 23:12:54] SUCCESS: System diagnostic logs
[2026-03-19 23:12:54] SUCCESS: Power logs
